#! /opt/homebrew/Cellar/icarus-verilog/12.0/bin/vvp
:ivl_version "12.0 (stable)";
:ivl_delay_selection "TYPICAL";
:vpi_time_precision + 0;
:vpi_module "/opt/homebrew/Cellar/icarus-verilog/12.0/lib/ivl/system.vpi";
:vpi_module "/opt/homebrew/Cellar/icarus-verilog/12.0/lib/ivl/vhdl_sys.vpi";
:vpi_module "/opt/homebrew/Cellar/icarus-verilog/12.0/lib/ivl/vhdl_textio.vpi";
:vpi_module "/opt/homebrew/Cellar/icarus-verilog/12.0/lib/ivl/v2005_math.vpi";
:vpi_module "/opt/homebrew/Cellar/icarus-verilog/12.0/lib/ivl/va_math.vpi";
S_0x15960e870 .scope module, "tb_matrix_multiplier" "tb_matrix_multiplier" 2 1;
 .timescale 0 0;
P_0x15960e9e0 .param/l "C_DATA_WIDTH" 0 2 10, +C4<00000000000000000000000000000000000000000000000000000000000010100>;
P_0x15960ea20 .param/l "DATA_WIDTH" 0 2 4, +C4<00000000000000000000000000001000>;
P_0x15960ea60 .param/l "M" 0 2 5, +C4<00000000000000000000000000001000>;
P_0x15960eaa0 .param/l "N" 0 2 6, +C4<00000000000000000000000000001000>;
P_0x15960eae0 .param/l "P" 0 2 7, +C4<00000000000000000000000000001000>;
v0x60000277a910_0 .var "clk", 0 0;
v0x60000277a9a0_0 .net "done", 0 0, v0x60000277a130_0;  1 drivers
v0x60000277aa30_0 .var/s "dut_val", 7 0;
v0x60000277aac0_0 .var/i "error_count", 31 0;
v0x60000277ab50 .array/s "expected_c", 63 0, 7 0;
v0x60000277abe0_0 .var/i "i", 31 0;
v0x60000277ac70_0 .var/i "j", 31 0;
v0x60000277ad00_0 .var/i "k", 31 0;
v0x60000277ad90_0 .var "matrix_a_packed", 511 0;
v0x60000277ae20 .array/s "matrix_a_tb", 63 0, 7 0;
v0x60000277aeb0_0 .var "matrix_b_packed", 511 0;
v0x60000277af40 .array/s "matrix_b_tb", 63 0, 7 0;
v0x60000277afd0_0 .var/i "pack_i", 31 0;
v0x60000277b060_0 .net "result_c_tb", 511 0, v0x60000277a640_0;  1 drivers
v0x60000277b0f0_0 .var "rst", 0 0;
v0x60000277b180_0 .var "start", 0 0;
v0x60000277b210_0 .var/s "temp_sum", 19 0;
v0x60000277b2a0_0 .var/s "val_a", 7 0;
v0x60000277b330_0 .var/s "val_b", 7 0;
E_0x600000071ac0 .event anyedge, v0x60000277a130_0;
v0x60000277ae20_0 .array/port v0x60000277ae20, 0;
v0x60000277ae20_1 .array/port v0x60000277ae20, 1;
v0x60000277ae20_2 .array/port v0x60000277ae20, 2;
v0x60000277ae20_3 .array/port v0x60000277ae20, 3;
E_0x600000071b00/0 .event anyedge, v0x60000277ae20_0, v0x60000277ae20_1, v0x60000277ae20_2, v0x60000277ae20_3;
v0x60000277ae20_4 .array/port v0x60000277ae20, 4;
v0x60000277ae20_5 .array/port v0x60000277ae20, 5;
v0x60000277ae20_6 .array/port v0x60000277ae20, 6;
v0x60000277ae20_7 .array/port v0x60000277ae20, 7;
E_0x600000071b00/1 .event anyedge, v0x60000277ae20_4, v0x60000277ae20_5, v0x60000277ae20_6, v0x60000277ae20_7;
v0x60000277ae20_8 .array/port v0x60000277ae20, 8;
v0x60000277ae20_9 .array/port v0x60000277ae20, 9;
v0x60000277ae20_10 .array/port v0x60000277ae20, 10;
v0x60000277ae20_11 .array/port v0x60000277ae20, 11;
E_0x600000071b00/2 .event anyedge, v0x60000277ae20_8, v0x60000277ae20_9, v0x60000277ae20_10, v0x60000277ae20_11;
v0x60000277ae20_12 .array/port v0x60000277ae20, 12;
v0x60000277ae20_13 .array/port v0x60000277ae20, 13;
v0x60000277ae20_14 .array/port v0x60000277ae20, 14;
v0x60000277ae20_15 .array/port v0x60000277ae20, 15;
E_0x600000071b00/3 .event anyedge, v0x60000277ae20_12, v0x60000277ae20_13, v0x60000277ae20_14, v0x60000277ae20_15;
v0x60000277ae20_16 .array/port v0x60000277ae20, 16;
v0x60000277ae20_17 .array/port v0x60000277ae20, 17;
v0x60000277ae20_18 .array/port v0x60000277ae20, 18;
v0x60000277ae20_19 .array/port v0x60000277ae20, 19;
E_0x600000071b00/4 .event anyedge, v0x60000277ae20_16, v0x60000277ae20_17, v0x60000277ae20_18, v0x60000277ae20_19;
v0x60000277ae20_20 .array/port v0x60000277ae20, 20;
v0x60000277ae20_21 .array/port v0x60000277ae20, 21;
v0x60000277ae20_22 .array/port v0x60000277ae20, 22;
v0x60000277ae20_23 .array/port v0x60000277ae20, 23;
E_0x600000071b00/5 .event anyedge, v0x60000277ae20_20, v0x60000277ae20_21, v0x60000277ae20_22, v0x60000277ae20_23;
v0x60000277ae20_24 .array/port v0x60000277ae20, 24;
v0x60000277ae20_25 .array/port v0x60000277ae20, 25;
v0x60000277ae20_26 .array/port v0x60000277ae20, 26;
v0x60000277ae20_27 .array/port v0x60000277ae20, 27;
E_0x600000071b00/6 .event anyedge, v0x60000277ae20_24, v0x60000277ae20_25, v0x60000277ae20_26, v0x60000277ae20_27;
v0x60000277ae20_28 .array/port v0x60000277ae20, 28;
v0x60000277ae20_29 .array/port v0x60000277ae20, 29;
v0x60000277ae20_30 .array/port v0x60000277ae20, 30;
v0x60000277ae20_31 .array/port v0x60000277ae20, 31;
E_0x600000071b00/7 .event anyedge, v0x60000277ae20_28, v0x60000277ae20_29, v0x60000277ae20_30, v0x60000277ae20_31;
v0x60000277ae20_32 .array/port v0x60000277ae20, 32;
v0x60000277ae20_33 .array/port v0x60000277ae20, 33;
v0x60000277ae20_34 .array/port v0x60000277ae20, 34;
v0x60000277ae20_35 .array/port v0x60000277ae20, 35;
E_0x600000071b00/8 .event anyedge, v0x60000277ae20_32, v0x60000277ae20_33, v0x60000277ae20_34, v0x60000277ae20_35;
v0x60000277ae20_36 .array/port v0x60000277ae20, 36;
v0x60000277ae20_37 .array/port v0x60000277ae20, 37;
v0x60000277ae20_38 .array/port v0x60000277ae20, 38;
v0x60000277ae20_39 .array/port v0x60000277ae20, 39;
E_0x600000071b00/9 .event anyedge, v0x60000277ae20_36, v0x60000277ae20_37, v0x60000277ae20_38, v0x60000277ae20_39;
v0x60000277ae20_40 .array/port v0x60000277ae20, 40;
v0x60000277ae20_41 .array/port v0x60000277ae20, 41;
v0x60000277ae20_42 .array/port v0x60000277ae20, 42;
v0x60000277ae20_43 .array/port v0x60000277ae20, 43;
E_0x600000071b00/10 .event anyedge, v0x60000277ae20_40, v0x60000277ae20_41, v0x60000277ae20_42, v0x60000277ae20_43;
v0x60000277ae20_44 .array/port v0x60000277ae20, 44;
v0x60000277ae20_45 .array/port v0x60000277ae20, 45;
v0x60000277ae20_46 .array/port v0x60000277ae20, 46;
v0x60000277ae20_47 .array/port v0x60000277ae20, 47;
E_0x600000071b00/11 .event anyedge, v0x60000277ae20_44, v0x60000277ae20_45, v0x60000277ae20_46, v0x60000277ae20_47;
v0x60000277ae20_48 .array/port v0x60000277ae20, 48;
v0x60000277ae20_49 .array/port v0x60000277ae20, 49;
v0x60000277ae20_50 .array/port v0x60000277ae20, 50;
v0x60000277ae20_51 .array/port v0x60000277ae20, 51;
E_0x600000071b00/12 .event anyedge, v0x60000277ae20_48, v0x60000277ae20_49, v0x60000277ae20_50, v0x60000277ae20_51;
v0x60000277ae20_52 .array/port v0x60000277ae20, 52;
v0x60000277ae20_53 .array/port v0x60000277ae20, 53;
v0x60000277ae20_54 .array/port v0x60000277ae20, 54;
v0x60000277ae20_55 .array/port v0x60000277ae20, 55;
E_0x600000071b00/13 .event anyedge, v0x60000277ae20_52, v0x60000277ae20_53, v0x60000277ae20_54, v0x60000277ae20_55;
v0x60000277ae20_56 .array/port v0x60000277ae20, 56;
v0x60000277ae20_57 .array/port v0x60000277ae20, 57;
v0x60000277ae20_58 .array/port v0x60000277ae20, 58;
v0x60000277ae20_59 .array/port v0x60000277ae20, 59;
E_0x600000071b00/14 .event anyedge, v0x60000277ae20_56, v0x60000277ae20_57, v0x60000277ae20_58, v0x60000277ae20_59;
v0x60000277ae20_60 .array/port v0x60000277ae20, 60;
v0x60000277ae20_61 .array/port v0x60000277ae20, 61;
v0x60000277ae20_62 .array/port v0x60000277ae20, 62;
v0x60000277ae20_63 .array/port v0x60000277ae20, 63;
E_0x600000071b00/15 .event anyedge, v0x60000277ae20_60, v0x60000277ae20_61, v0x60000277ae20_62, v0x60000277ae20_63;
v0x60000277af40_0 .array/port v0x60000277af40, 0;
v0x60000277af40_1 .array/port v0x60000277af40, 1;
v0x60000277af40_2 .array/port v0x60000277af40, 2;
v0x60000277af40_3 .array/port v0x60000277af40, 3;
E_0x600000071b00/16 .event anyedge, v0x60000277af40_0, v0x60000277af40_1, v0x60000277af40_2, v0x60000277af40_3;
v0x60000277af40_4 .array/port v0x60000277af40, 4;
v0x60000277af40_5 .array/port v0x60000277af40, 5;
v0x60000277af40_6 .array/port v0x60000277af40, 6;
v0x60000277af40_7 .array/port v0x60000277af40, 7;
E_0x600000071b00/17 .event anyedge, v0x60000277af40_4, v0x60000277af40_5, v0x60000277af40_6, v0x60000277af40_7;
v0x60000277af40_8 .array/port v0x60000277af40, 8;
v0x60000277af40_9 .array/port v0x60000277af40, 9;
v0x60000277af40_10 .array/port v0x60000277af40, 10;
v0x60000277af40_11 .array/port v0x60000277af40, 11;
E_0x600000071b00/18 .event anyedge, v0x60000277af40_8, v0x60000277af40_9, v0x60000277af40_10, v0x60000277af40_11;
v0x60000277af40_12 .array/port v0x60000277af40, 12;
v0x60000277af40_13 .array/port v0x60000277af40, 13;
v0x60000277af40_14 .array/port v0x60000277af40, 14;
v0x60000277af40_15 .array/port v0x60000277af40, 15;
E_0x600000071b00/19 .event anyedge, v0x60000277af40_12, v0x60000277af40_13, v0x60000277af40_14, v0x60000277af40_15;
v0x60000277af40_16 .array/port v0x60000277af40, 16;
v0x60000277af40_17 .array/port v0x60000277af40, 17;
v0x60000277af40_18 .array/port v0x60000277af40, 18;
v0x60000277af40_19 .array/port v0x60000277af40, 19;
E_0x600000071b00/20 .event anyedge, v0x60000277af40_16, v0x60000277af40_17, v0x60000277af40_18, v0x60000277af40_19;
v0x60000277af40_20 .array/port v0x60000277af40, 20;
v0x60000277af40_21 .array/port v0x60000277af40, 21;
v0x60000277af40_22 .array/port v0x60000277af40, 22;
v0x60000277af40_23 .array/port v0x60000277af40, 23;
E_0x600000071b00/21 .event anyedge, v0x60000277af40_20, v0x60000277af40_21, v0x60000277af40_22, v0x60000277af40_23;
v0x60000277af40_24 .array/port v0x60000277af40, 24;
v0x60000277af40_25 .array/port v0x60000277af40, 25;
v0x60000277af40_26 .array/port v0x60000277af40, 26;
v0x60000277af40_27 .array/port v0x60000277af40, 27;
E_0x600000071b00/22 .event anyedge, v0x60000277af40_24, v0x60000277af40_25, v0x60000277af40_26, v0x60000277af40_27;
v0x60000277af40_28 .array/port v0x60000277af40, 28;
v0x60000277af40_29 .array/port v0x60000277af40, 29;
v0x60000277af40_30 .array/port v0x60000277af40, 30;
v0x60000277af40_31 .array/port v0x60000277af40, 31;
E_0x600000071b00/23 .event anyedge, v0x60000277af40_28, v0x60000277af40_29, v0x60000277af40_30, v0x60000277af40_31;
v0x60000277af40_32 .array/port v0x60000277af40, 32;
v0x60000277af40_33 .array/port v0x60000277af40, 33;
v0x60000277af40_34 .array/port v0x60000277af40, 34;
v0x60000277af40_35 .array/port v0x60000277af40, 35;
E_0x600000071b00/24 .event anyedge, v0x60000277af40_32, v0x60000277af40_33, v0x60000277af40_34, v0x60000277af40_35;
v0x60000277af40_36 .array/port v0x60000277af40, 36;
v0x60000277af40_37 .array/port v0x60000277af40, 37;
v0x60000277af40_38 .array/port v0x60000277af40, 38;
v0x60000277af40_39 .array/port v0x60000277af40, 39;
E_0x600000071b00/25 .event anyedge, v0x60000277af40_36, v0x60000277af40_37, v0x60000277af40_38, v0x60000277af40_39;
v0x60000277af40_40 .array/port v0x60000277af40, 40;
v0x60000277af40_41 .array/port v0x60000277af40, 41;
v0x60000277af40_42 .array/port v0x60000277af40, 42;
v0x60000277af40_43 .array/port v0x60000277af40, 43;
E_0x600000071b00/26 .event anyedge, v0x60000277af40_40, v0x60000277af40_41, v0x60000277af40_42, v0x60000277af40_43;
v0x60000277af40_44 .array/port v0x60000277af40, 44;
v0x60000277af40_45 .array/port v0x60000277af40, 45;
v0x60000277af40_46 .array/port v0x60000277af40, 46;
v0x60000277af40_47 .array/port v0x60000277af40, 47;
E_0x600000071b00/27 .event anyedge, v0x60000277af40_44, v0x60000277af40_45, v0x60000277af40_46, v0x60000277af40_47;
v0x60000277af40_48 .array/port v0x60000277af40, 48;
v0x60000277af40_49 .array/port v0x60000277af40, 49;
v0x60000277af40_50 .array/port v0x60000277af40, 50;
v0x60000277af40_51 .array/port v0x60000277af40, 51;
E_0x600000071b00/28 .event anyedge, v0x60000277af40_48, v0x60000277af40_49, v0x60000277af40_50, v0x60000277af40_51;
v0x60000277af40_52 .array/port v0x60000277af40, 52;
v0x60000277af40_53 .array/port v0x60000277af40, 53;
v0x60000277af40_54 .array/port v0x60000277af40, 54;
v0x60000277af40_55 .array/port v0x60000277af40, 55;
E_0x600000071b00/29 .event anyedge, v0x60000277af40_52, v0x60000277af40_53, v0x60000277af40_54, v0x60000277af40_55;
v0x60000277af40_56 .array/port v0x60000277af40, 56;
v0x60000277af40_57 .array/port v0x60000277af40, 57;
v0x60000277af40_58 .array/port v0x60000277af40, 58;
v0x60000277af40_59 .array/port v0x60000277af40, 59;
E_0x600000071b00/30 .event anyedge, v0x60000277af40_56, v0x60000277af40_57, v0x60000277af40_58, v0x60000277af40_59;
v0x60000277af40_60 .array/port v0x60000277af40, 60;
v0x60000277af40_61 .array/port v0x60000277af40, 61;
v0x60000277af40_62 .array/port v0x60000277af40, 62;
v0x60000277af40_63 .array/port v0x60000277af40, 63;
E_0x600000071b00/31 .event anyedge, v0x60000277af40_60, v0x60000277af40_61, v0x60000277af40_62, v0x60000277af40_63;
E_0x600000071b00 .event/or E_0x600000071b00/0, E_0x600000071b00/1, E_0x600000071b00/2, E_0x600000071b00/3, E_0x600000071b00/4, E_0x600000071b00/5, E_0x600000071b00/6, E_0x600000071b00/7, E_0x600000071b00/8, E_0x600000071b00/9, E_0x600000071b00/10, E_0x600000071b00/11, E_0x600000071b00/12, E_0x600000071b00/13, E_0x600000071b00/14, E_0x600000071b00/15, E_0x600000071b00/16, E_0x600000071b00/17, E_0x600000071b00/18, E_0x600000071b00/19, E_0x600000071b00/20, E_0x600000071b00/21, E_0x600000071b00/22, E_0x600000071b00/23, E_0x600000071b00/24, E_0x600000071b00/25, E_0x600000071b00/26, E_0x600000071b00/27, E_0x600000071b00/28, E_0x600000071b00/29, E_0x600000071b00/30, E_0x600000071b00/31;
S_0x1596080d0 .scope module, "uut" "matrix_multiplier" 2 51, 3 1 0, S_0x15960e870;
 .timescale 0 0;
    .port_info 0 /INPUT 1 "clk";
    .port_info 1 /INPUT 1 "rst";
    .port_info 2 /INPUT 1 "start";
    .port_info 3 /INPUT 512 "matrix_a";
    .port_info 4 /INPUT 512 "matrix_b";
    .port_info 5 /OUTPUT 1 "done";
    .port_info 6 /OUTPUT 512 "result_c";
P_0x159604970 .param/l "C_DATA_WIDTH" 0 3 20, +C4<00000000000000000000000000000000000000000000000000000000000010100>;
P_0x1596049b0 .param/l "DATA_WIDTH" 0 3 6, +C4<00000000000000000000000000001000>;
P_0x1596049f0 .param/l "M" 0 3 7, +C4<00000000000000000000000000001000>;
P_0x159604a30 .param/l "N" 0 3 8, +C4<00000000000000000000000000001000>;
P_0x159604a70 .param/l "P" 0 3 9, +C4<00000000000000000000000000001000>;
P_0x159604ab0 .param/l "S_CALC" 0 3 25, C4<01>;
P_0x159604af0 .param/l "S_DONE" 0 3 26, C4<10>;
P_0x159604b30 .param/l "S_IDLE" 0 3 24, C4<00>;
v0x600002779170_0 .net *"_ivl_0", 31 0, L_0x6000024780a0;  1 drivers
L_0x1500780a0 .functor BUFT 1, C4<00000000000000000000000000000>, C4<0>, C4<0>, C4<0>;
v0x600002779200_0 .net *"_ivl_11", 28 0, L_0x1500780a0;  1 drivers
v0x600002779290_0 .net *"_ivl_12", 31 0, L_0x6000024788c0;  1 drivers
v0x600002779320_0 .net *"_ivl_16", 31 0, L_0x600002478a00;  1 drivers
L_0x1500780e8 .functor BUFT 1, C4<00000000000000000000000000000>, C4<0>, C4<0>, C4<0>;
v0x6000027793b0_0 .net *"_ivl_19", 28 0, L_0x1500780e8;  1 drivers
L_0x150078130 .functor BUFT 1, C4<00000000000000000000000000001000>, C4<0>, C4<0>, C4<0>;
v0x600002779440_0 .net/2u *"_ivl_20", 31 0, L_0x150078130;  1 drivers
v0x6000027794d0_0 .net *"_ivl_23", 31 0, L_0x600002478aa0;  1 drivers
v0x600002779560_0 .net *"_ivl_24", 31 0, L_0x600002478b40;  1 drivers
L_0x150078178 .functor BUFT 1, C4<00000000000000000000000000000>, C4<0>, C4<0>, C4<0>;
v0x6000027795f0_0 .net *"_ivl_27", 28 0, L_0x150078178;  1 drivers
v0x600002779680_0 .net *"_ivl_28", 31 0, L_0x600002478be0;  1 drivers
L_0x150078010 .functor BUFT 1, C4<00000000000000000000000000000>, C4<0>, C4<0>, C4<0>;
v0x600002779710_0 .net *"_ivl_3", 28 0, L_0x150078010;  1 drivers
v0x6000027797a0_0 .net *"_ivl_32", 31 0, L_0x600002478d20;  1 drivers
L_0x1500781c0 .functor BUFT 1, C4<00000000000000000000000000000>, C4<0>, C4<0>, C4<0>;
v0x600002779830_0 .net *"_ivl_35", 28 0, L_0x1500781c0;  1 drivers
L_0x150078208 .functor BUFT 1, C4<00000000000000000000000000001000>, C4<0>, C4<0>, C4<0>;
v0x6000027798c0_0 .net/2u *"_ivl_36", 31 0, L_0x150078208;  1 drivers
v0x600002779950_0 .net *"_ivl_39", 31 0, L_0x600002478dc0;  1 drivers
L_0x150078058 .functor BUFT 1, C4<00000000000000000000000000001000>, C4<0>, C4<0>, C4<0>;
v0x6000027799e0_0 .net/2u *"_ivl_4", 31 0, L_0x150078058;  1 drivers
v0x600002779a70_0 .net *"_ivl_40", 31 0, L_0x600002478e60;  1 drivers
L_0x150078250 .functor BUFT 1, C4<00000000000000000000000000000>, C4<0>, C4<0>, C4<0>;
v0x600002779b00_0 .net *"_ivl_43", 28 0, L_0x150078250;  1 drivers
v0x600002779b90_0 .net *"_ivl_44", 31 0, L_0x600002478f00;  1 drivers
v0x600002779c20_0 .net *"_ivl_7", 31 0, L_0x600002478140;  1 drivers
v0x600002779cb0_0 .net *"_ivl_8", 31 0, L_0x600002478640;  1 drivers
v0x600002779d40_0 .net "a_index", 5 0, L_0x600002478960;  1 drivers
v0x600002779dd0_0 .var/s "a_val", 7 0;
v0x600002779e60_0 .net "b_index", 5 0, L_0x600002478c80;  1 drivers
v0x600002779ef0_0 .var/s "b_val", 7 0;
v0x600002779f80 .array/s "c_array", 63 0, 7 0;
v0x60000277a010_0 .net "c_index", 5 0, L_0x600002478fa0;  1 drivers
v0x60000277a0a0_0 .net "clk", 0 0, v0x60000277a910_0;  1 drivers
v0x60000277a130_0 .var "done", 0 0;
v0x60000277a1c0_0 .var "i", 2 0;
v0x60000277a250_0 .var/i "init_idx", 31 0;
v0x60000277a2e0_0 .var "j", 2 0;
v0x60000277a370_0 .var "k", 2 0;
v0x60000277a400_0 .net "matrix_a", 511 0, v0x60000277ad90_0;  1 drivers
v0x60000277a490_0 .net "matrix_b", 511 0, v0x60000277aeb0_0;  1 drivers
v0x60000277a520_0 .var "next_state", 1 0;
v0x60000277a5b0_0 .var/i "pack_idx", 31 0;
v0x60000277a640_0 .var "result_c", 511 0;
v0x60000277a6d0_0 .net "rst", 0 0, v0x60000277b0f0_0;  1 drivers
v0x60000277a760_0 .net "start", 0 0, v0x60000277b180_0;  1 drivers
v0x60000277a7f0_0 .var "state", 1 0;
v0x60000277a880_0 .var "sum", 19 0;
v0x600002779f80_0 .array/port v0x600002779f80, 0;
v0x600002779f80_1 .array/port v0x600002779f80, 1;
v0x600002779f80_2 .array/port v0x600002779f80, 2;
v0x600002779f80_3 .array/port v0x600002779f80, 3;
E_0x600000071d80/0 .event anyedge, v0x600002779f80_0, v0x600002779f80_1, v0x600002779f80_2, v0x600002779f80_3;
v0x600002779f80_4 .array/port v0x600002779f80, 4;
v0x600002779f80_5 .array/port v0x600002779f80, 5;
v0x600002779f80_6 .array/port v0x600002779f80, 6;
v0x600002779f80_7 .array/port v0x600002779f80, 7;
E_0x600000071d80/1 .event anyedge, v0x600002779f80_4, v0x600002779f80_5, v0x600002779f80_6, v0x600002779f80_7;
v0x600002779f80_8 .array/port v0x600002779f80, 8;
v0x600002779f80_9 .array/port v0x600002779f80, 9;
v0x600002779f80_10 .array/port v0x600002779f80, 10;
v0x600002779f80_11 .array/port v0x600002779f80, 11;
E_0x600000071d80/2 .event anyedge, v0x600002779f80_8, v0x600002779f80_9, v0x600002779f80_10, v0x600002779f80_11;
v0x600002779f80_12 .array/port v0x600002779f80, 12;
v0x600002779f80_13 .array/port v0x600002779f80, 13;
v0x600002779f80_14 .array/port v0x600002779f80, 14;
v0x600002779f80_15 .array/port v0x600002779f80, 15;
E_0x600000071d80/3 .event anyedge, v0x600002779f80_12, v0x600002779f80_13, v0x600002779f80_14, v0x600002779f80_15;
v0x600002779f80_16 .array/port v0x600002779f80, 16;
v0x600002779f80_17 .array/port v0x600002779f80, 17;
v0x600002779f80_18 .array/port v0x600002779f80, 18;
v0x600002779f80_19 .array/port v0x600002779f80, 19;
E_0x600000071d80/4 .event anyedge, v0x600002779f80_16, v0x600002779f80_17, v0x600002779f80_18, v0x600002779f80_19;
v0x600002779f80_20 .array/port v0x600002779f80, 20;
v0x600002779f80_21 .array/port v0x600002779f80, 21;
v0x600002779f80_22 .array/port v0x600002779f80, 22;
v0x600002779f80_23 .array/port v0x600002779f80, 23;
E_0x600000071d80/5 .event anyedge, v0x600002779f80_20, v0x600002779f80_21, v0x600002779f80_22, v0x600002779f80_23;
v0x600002779f80_24 .array/port v0x600002779f80, 24;
v0x600002779f80_25 .array/port v0x600002779f80, 25;
v0x600002779f80_26 .array/port v0x600002779f80, 26;
v0x600002779f80_27 .array/port v0x600002779f80, 27;
E_0x600000071d80/6 .event anyedge, v0x600002779f80_24, v0x600002779f80_25, v0x600002779f80_26, v0x600002779f80_27;
v0x600002779f80_28 .array/port v0x600002779f80, 28;
v0x600002779f80_29 .array/port v0x600002779f80, 29;
v0x600002779f80_30 .array/port v0x600002779f80, 30;
v0x600002779f80_31 .array/port v0x600002779f80, 31;
E_0x600000071d80/7 .event anyedge, v0x600002779f80_28, v0x600002779f80_29, v0x600002779f80_30, v0x600002779f80_31;
v0x600002779f80_32 .array/port v0x600002779f80, 32;
v0x600002779f80_33 .array/port v0x600002779f80, 33;
v0x600002779f80_34 .array/port v0x600002779f80, 34;
v0x600002779f80_35 .array/port v0x600002779f80, 35;
E_0x600000071d80/8 .event anyedge, v0x600002779f80_32, v0x600002779f80_33, v0x600002779f80_34, v0x600002779f80_35;
v0x600002779f80_36 .array/port v0x600002779f80, 36;
v0x600002779f80_37 .array/port v0x600002779f80, 37;
v0x600002779f80_38 .array/port v0x600002779f80, 38;
v0x600002779f80_39 .array/port v0x600002779f80, 39;
E_0x600000071d80/9 .event anyedge, v0x600002779f80_36, v0x600002779f80_37, v0x600002779f80_38, v0x600002779f80_39;
v0x600002779f80_40 .array/port v0x600002779f80, 40;
v0x600002779f80_41 .array/port v0x600002779f80, 41;
v0x600002779f80_42 .array/port v0x600002779f80, 42;
v0x600002779f80_43 .array/port v0x600002779f80, 43;
E_0x600000071d80/10 .event anyedge, v0x600002779f80_40, v0x600002779f80_41, v0x600002779f80_42, v0x600002779f80_43;
v0x600002779f80_44 .array/port v0x600002779f80, 44;
v0x600002779f80_45 .array/port v0x600002779f80, 45;
v0x600002779f80_46 .array/port v0x600002779f80, 46;
v0x600002779f80_47 .array/port v0x600002779f80, 47;
E_0x600000071d80/11 .event anyedge, v0x600002779f80_44, v0x600002779f80_45, v0x600002779f80_46, v0x600002779f80_47;
v0x600002779f80_48 .array/port v0x600002779f80, 48;
v0x600002779f80_49 .array/port v0x600002779f80, 49;
v0x600002779f80_50 .array/port v0x600002779f80, 50;
v0x600002779f80_51 .array/port v0x600002779f80, 51;
E_0x600000071d80/12 .event anyedge, v0x600002779f80_48, v0x600002779f80_49, v0x600002779f80_50, v0x600002779f80_51;
v0x600002779f80_52 .array/port v0x600002779f80, 52;
v0x600002779f80_53 .array/port v0x600002779f80, 53;
v0x600002779f80_54 .array/port v0x600002779f80, 54;
v0x600002779f80_55 .array/port v0x600002779f80, 55;
E_0x600000071d80/13 .event anyedge, v0x600002779f80_52, v0x600002779f80_53, v0x600002779f80_54, v0x600002779f80_55;
v0x600002779f80_56 .array/port v0x600002779f80, 56;
v0x600002779f80_57 .array/port v0x600002779f80, 57;
v0x600002779f80_58 .array/port v0x600002779f80, 58;
v0x600002779f80_59 .array/port v0x600002779f80, 59;
E_0x600000071d80/14 .event anyedge, v0x600002779f80_56, v0x600002779f80_57, v0x600002779f80_58, v0x600002779f80_59;
v0x600002779f80_60 .array/port v0x600002779f80, 60;
v0x600002779f80_61 .array/port v0x600002779f80, 61;
v0x600002779f80_62 .array/port v0x600002779f80, 62;
v0x600002779f80_63 .array/port v0x600002779f80, 63;
E_0x600000071d80/15 .event anyedge, v0x600002779f80_60, v0x600002779f80_61, v0x600002779f80_62, v0x600002779f80_63;
E_0x600000071d80 .event/or E_0x600000071d80/0, E_0x600000071d80/1, E_0x600000071d80/2, E_0x600000071d80/3, E_0x600000071d80/4, E_0x600000071d80/5, E_0x600000071d80/6, E_0x600000071d80/7, E_0x600000071d80/8, E_0x600000071d80/9, E_0x600000071d80/10, E_0x600000071d80/11, E_0x600000071d80/12, E_0x600000071d80/13, E_0x600000071d80/14, E_0x600000071d80/15;
E_0x600000071dc0 .event posedge, v0x60000277a6d0_0, v0x60000277a0a0_0;
E_0x600000071e00/0 .event anyedge, v0x60000277a7f0_0, v0x60000277a760_0, v0x60000277a1c0_0, v0x60000277a2e0_0;
E_0x600000071e00/1 .event anyedge, v0x60000277a370_0;
E_0x600000071e00 .event/or E_0x600000071e00/0, E_0x600000071e00/1;
E_0x600000071e40 .event anyedge, v0x600002779d40_0, v0x60000277a400_0, v0x600002779e60_0, v0x60000277a490_0;
L_0x6000024780a0 .concat [ 3 29 0 0], v0x60000277a1c0_0, L_0x150078010;
L_0x600002478140 .arith/mult 32, L_0x6000024780a0, L_0x150078058;
L_0x600002478640 .concat [ 3 29 0 0], v0x60000277a370_0, L_0x1500780a0;
L_0x6000024788c0 .arith/sum 32, L_0x600002478140, L_0x600002478640;
L_0x600002478960 .part L_0x6000024788c0, 0, 6;
L_0x600002478a00 .concat [ 3 29 0 0], v0x60000277a370_0, L_0x1500780e8;
L_0x600002478aa0 .arith/mult 32, L_0x600002478a00, L_0x150078130;
L_0x600002478b40 .concat [ 3 29 0 0], v0x60000277a2e0_0, L_0x150078178;
L_0x600002478be0 .arith/sum 32, L_0x600002478aa0, L_0x600002478b40;
L_0x600002478c80 .part L_0x600002478be0, 0, 6;
L_0x600002478d20 .concat [ 3 29 0 0], v0x60000277a1c0_0, L_0x1500781c0;
L_0x600002478dc0 .arith/mult 32, L_0x600002478d20, L_0x150078208;
L_0x600002478e60 .concat [ 3 29 0 0], v0x60000277a2e0_0, L_0x150078250;
L_0x600002478f00 .arith/sum 32, L_0x600002478dc0, L_0x600002478e60;
L_0x600002478fa0 .part L_0x600002478f00, 0, 6;
    .scope S_0x1596080d0;
T_0 ;
    %wait E_0x600000071e40;
    %load/vec4 v0x60000277a400_0;
    %load/vec4 v0x600002779d40_0;
    %pad/u 32;
    %muli 8, 0, 32;
    %part/u 8;
    %store/vec4 v0x600002779dd0_0, 0, 8;
    %load/vec4 v0x60000277a490_0;
    %load/vec4 v0x600002779e60_0;
    %pad/u 32;
    %muli 8, 0, 32;
    %part/u 8;
    %store/vec4 v0x600002779ef0_0, 0, 8;
    %jmp T_0;
    .thread T_0, $push;
    .scope S_0x1596080d0;
T_1 ;
    %wait E_0x600000071dc0;
    %load/vec4 v0x60000277a6d0_0;
    %flag_set/vec4 8;
    %jmp/0xz  T_1.0, 8;
    %pushi/vec4 0, 0, 2;
    %assign/vec4 v0x60000277a7f0_0, 0;
    %jmp T_1.1;
T_1.0 ;
    %load/vec4 v0x60000277a520_0;
    %assign/vec4 v0x60000277a7f0_0, 0;
T_1.1 ;
    %jmp T_1;
    .thread T_1;
    .scope S_0x1596080d0;
T_2 ;
    %wait E_0x600000071e00;
    %load/vec4 v0x60000277a7f0_0;
    %store/vec4 v0x60000277a520_0, 0, 2;
    %pushi/vec4 0, 0, 1;
    %store/vec4 v0x60000277a130_0, 0, 1;
    %load/vec4 v0x60000277a7f0_0;
    %dup/vec4;
    %pushi/vec4 0, 0, 2;
    %cmp/u;
    %jmp/1 T_2.0, 6;
    %dup/vec4;
    %pushi/vec4 1, 0, 2;
    %cmp/u;
    %jmp/1 T_2.1, 6;
    %dup/vec4;
    %pushi/vec4 2, 0, 2;
    %cmp/u;
    %jmp/1 T_2.2, 6;
    %jmp T_2.3;
T_2.0 ;
    %load/vec4 v0x60000277a760_0;
    %flag_set/vec4 8;
    %jmp/0xz  T_2.4, 8;
    %pushi/vec4 1, 0, 2;
    %store/vec4 v0x60000277a520_0, 0, 2;
T_2.4 ;
    %jmp T_2.3;
T_2.1 ;
    %load/vec4 v0x60000277a1c0_0;
    %pad/u 32;
    %cmpi/e 7, 0, 32;
    %flag_get/vec4 4;
    %jmp/0 T_2.9, 4;
    %load/vec4 v0x60000277a2e0_0;
    %pad/u 32;
    %pushi/vec4 7, 0, 32;
    %cmp/e;
    %flag_get/vec4 4;
    %and;
T_2.9;
    %flag_set/vec4 9;
    %flag_get/vec4 9;
    %jmp/0 T_2.8, 9;
    %load/vec4 v0x60000277a370_0;
    %pad/u 32;
    %pushi/vec4 7, 0, 32;
    %cmp/e;
    %flag_get/vec4 4;
    %and;
T_2.8;
    %flag_set/vec4 8;
    %jmp/0xz  T_2.6, 8;
    %pushi/vec4 2, 0, 2;
    %store/vec4 v0x60000277a520_0, 0, 2;
T_2.6 ;
    %jmp T_2.3;
T_2.2 ;
    %pushi/vec4 1, 0, 1;
    %store/vec4 v0x60000277a130_0, 0, 1;
    %pushi/vec4 0, 0, 2;
    %store/vec4 v0x60000277a520_0, 0, 2;
    %jmp T_2.3;
T_2.3 ;
    %pop/vec4 1;
    %jmp T_2;
    .thread T_2, $push;
    .scope S_0x1596080d0;
T_3 ;
    %wait E_0x600000071dc0;
    %load/vec4 v0x60000277a6d0_0;
    %flag_set/vec4 8;
    %jmp/0xz  T_3.0, 8;
    %pushi/vec4 0, 0, 3;
    %assign/vec4 v0x60000277a1c0_0, 0;
    %pushi/vec4 0, 0, 3;
    %assign/vec4 v0x60000277a2e0_0, 0;
    %pushi/vec4 0, 0, 3;
    %assign/vec4 v0x60000277a370_0, 0;
    %pushi/vec4 0, 0, 20;
    %assign/vec4 v0x60000277a880_0, 0;
    %pushi/vec4 0, 0, 32;
    %store/vec4 v0x60000277a250_0, 0, 32;
T_3.2 ;
    %load/vec4 v0x60000277a250_0;
    %cmpi/s 64, 0, 32;
    %jmp/0xz T_3.3, 5;
    %pushi/vec4 0, 0, 8;
    %ix/getv/s 3, v0x60000277a250_0;
    %ix/load 4, 0, 0; Constant delay
    %assign/vec4/a/d v0x600002779f80, 0, 4;
    %load/vec4 v0x60000277a250_0;
    %addi 1, 0, 32;
    %store/vec4 v0x60000277a250_0, 0, 32;
    %jmp T_3.2;
T_3.3 ;
    %jmp T_3.1;
T_3.0 ;
    %load/vec4 v0x60000277a7f0_0;
    %cmpi/e 1, 0, 2;
    %jmp/0xz  T_3.4, 4;
    %load/vec4 v0x60000277a370_0;
    %pad/u 32;
    %cmpi/e 0, 0, 32;
    %jmp/0xz  T_3.6, 4;
    %load/vec4 v0x600002779dd0_0;
    %pad/s 20;
    %load/vec4 v0x600002779ef0_0;
    %pad/s 20;
    %mul;
    %assign/vec4 v0x60000277a880_0, 0;
    %jmp T_3.7;
T_3.6 ;
    %load/vec4 v0x60000277a880_0;
    %load/vec4 v0x600002779dd0_0;
    %pad/u 20;
    %load/vec4 v0x600002779ef0_0;
    %pad/u 20;
    %mul;
    %add;
    %assign/vec4 v0x60000277a880_0, 0;
T_3.7 ;
    %load/vec4 v0x60000277a370_0;
    %pad/u 32;
    %cmpi/e 7, 0, 32;
    %jmp/0xz  T_3.8, 4;
    %load/vec4 v0x60000277a880_0;
    %load/vec4 v0x600002779dd0_0;
    %pad/u 20;
    %load/vec4 v0x600002779ef0_0;
    %pad/u 20;
    %mul;
    %add;
    %pad/u 8;
    %load/vec4 v0x60000277a010_0;
    %pad/u 8;
    %ix/vec4 3;
    %ix/load 4, 0, 0; Constant delay
    %assign/vec4/a/d v0x600002779f80, 0, 4;
T_3.8 ;
    %load/vec4 v0x60000277a370_0;
    %pad/u 32;
    %cmpi/u 7, 0, 32;
    %jmp/0xz  T_3.10, 5;
    %load/vec4 v0x60000277a370_0;
    %addi 1, 0, 3;
    %assign/vec4 v0x60000277a370_0, 0;
    %jmp T_3.11;
T_3.10 ;
    %pushi/vec4 0, 0, 3;
    %assign/vec4 v0x60000277a370_0, 0;
    %load/vec4 v0x60000277a2e0_0;
    %pad/u 32;
    %cmpi/u 7, 0, 32;
    %jmp/0xz  T_3.12, 5;
    %load/vec4 v0x60000277a2e0_0;
    %addi 1, 0, 3;
    %assign/vec4 v0x60000277a2e0_0, 0;
    %jmp T_3.13;
T_3.12 ;
    %pushi/vec4 0, 0, 3;
    %assign/vec4 v0x60000277a2e0_0, 0;
    %load/vec4 v0x60000277a1c0_0;
    %pad/u 32;
    %cmpi/u 7, 0, 32;
    %jmp/0xz  T_3.14, 5;
    %load/vec4 v0x60000277a1c0_0;
    %addi 1, 0, 3;
    %assign/vec4 v0x60000277a1c0_0, 0;
    %jmp T_3.15;
T_3.14 ;
    %pushi/vec4 0, 0, 3;
    %assign/vec4 v0x60000277a1c0_0, 0;
T_3.15 ;
T_3.13 ;
T_3.11 ;
    %jmp T_3.5;
T_3.4 ;
    %load/vec4 v0x60000277a7f0_0;
    %cmpi/e 0, 0, 2;
    %flag_get/vec4 4;
    %jmp/0 T_3.18, 4;
    %load/vec4 v0x60000277a760_0;
    %and;
T_3.18;
    %flag_set/vec4 8;
    %jmp/0xz  T_3.16, 8;
    %pushi/vec4 0, 0, 3;
    %assign/vec4 v0x60000277a1c0_0, 0;
    %pushi/vec4 0, 0, 3;
    %assign/vec4 v0x60000277a2e0_0, 0;
    %pushi/vec4 0, 0, 3;
    %assign/vec4 v0x60000277a370_0, 0;
    %pushi/vec4 0, 0, 20;
    %assign/vec4 v0x60000277a880_0, 0;
T_3.16 ;
T_3.5 ;
T_3.1 ;
    %jmp T_3;
    .thread T_3;
    .scope S_0x1596080d0;
T_4 ;
    %wait E_0x600000071d80;
    %pushi/vec4 0, 0, 32;
    %store/vec4 v0x60000277a5b0_0, 0, 32;
T_4.0 ;
    %load/vec4 v0x60000277a5b0_0;
    %cmpi/s 64, 0, 32;
    %jmp/0xz T_4.1, 5;
    %ix/getv/s 4, v0x60000277a5b0_0;
    %load/vec4a v0x600002779f80, 4;
    %load/vec4 v0x60000277a5b0_0;
    %muli 8, 0, 32;
    %ix/vec4/s 4;
    %store/vec4 v0x60000277a640_0, 4, 8;
    %load/vec4 v0x60000277a5b0_0;
    %addi 1, 0, 32;
    %store/vec4 v0x60000277a5b0_0, 0, 32;
    %jmp T_4.0;
T_4.1 ;
    %jmp T_4;
    .thread T_4, $push;
    .scope S_0x15960e870;
T_5 ;
    %wait E_0x600000071b00;
    %pushi/vec4 0, 0, 32;
    %store/vec4 v0x60000277afd0_0, 0, 32;
T_5.0 ;
    %load/vec4 v0x60000277afd0_0;
    %cmpi/s 64, 0, 32;
    %jmp/0xz T_5.1, 5;
    %ix/getv/s 4, v0x60000277afd0_0;
    %load/vec4a v0x60000277ae20, 4;
    %load/vec4 v0x60000277afd0_0;
    %muli 8, 0, 32;
    %ix/vec4/s 4;
    %store/vec4 v0x60000277ad90_0, 4, 8;
    %load/vec4 v0x60000277afd0_0;
    %addi 1, 0, 32;
    %store/vec4 v0x60000277afd0_0, 0, 32;
    %jmp T_5.0;
T_5.1 ;
    %pushi/vec4 0, 0, 32;
    %store/vec4 v0x60000277afd0_0, 0, 32;
T_5.2 ;
    %load/vec4 v0x60000277afd0_0;
    %cmpi/s 64, 0, 32;
    %jmp/0xz T_5.3, 5;
    %ix/getv/s 4, v0x60000277afd0_0;
    %load/vec4a v0x60000277af40, 4;
    %load/vec4 v0x60000277afd0_0;
    %muli 8, 0, 32;
    %ix/vec4/s 4;
    %store/vec4 v0x60000277aeb0_0, 4, 8;
    %load/vec4 v0x60000277afd0_0;
    %addi 1, 0, 32;
    %store/vec4 v0x60000277afd0_0, 0, 32;
    %jmp T_5.2;
T_5.3 ;
    %jmp T_5;
    .thread T_5, $push;
    .scope S_0x15960e870;
T_6 ;
    %pushi/vec4 0, 0, 1;
    %store/vec4 v0x60000277a910_0, 0, 1;
T_6.0 ;
    %delay 5, 0;
    %load/vec4 v0x60000277a910_0;
    %inv;
    %store/vec4 v0x60000277a910_0, 0, 1;
    %jmp T_6.0;
    %end;
    .thread T_6;
    .scope S_0x15960e870;
T_7 ;
    %vpi_call 2 69 "$display", "-------------------------------------------" {0 0 0};
    %vpi_call 2 70 "$display", "Starting 8x8 Matrix Multiplication Testbench" {0 0 0};
    %vpi_call 2 71 "$display", "-------------------------------------------" {0 0 0};
    %pushi/vec4 1, 0, 1;
    %store/vec4 v0x60000277b0f0_0, 0, 1;
    %pushi/vec4 0, 0, 1;
    %store/vec4 v0x60000277b180_0, 0, 1;
    %vpi_call 2 77 "$readmemh", "ram_a_init.txt", v0x60000277ae20 {0 0 0};
    %vpi_call 2 78 "$readmemh", "ram_b_init.txt", v0x60000277af40 {0 0 0};
    %vpi_call 2 79 "$display", "Time: %0t ns | Matrices A and B initialized.", $time {0 0 0};
    %pushi/vec4 0, 0, 32;
    %store/vec4 v0x60000277abe0_0, 0, 32;
T_7.0 ;
    %load/vec4 v0x60000277abe0_0;
    %cmpi/s 8, 0, 32;
    %jmp/0xz T_7.1, 5;
    %pushi/vec4 0, 0, 32;
    %store/vec4 v0x60000277ac70_0, 0, 32;
T_7.2 ;
    %load/vec4 v0x60000277ac70_0;
    %cmpi/s 8, 0, 32;
    %jmp/0xz T_7.3, 5;
    %pushi/vec4 0, 0, 20;
    %store/vec4 v0x60000277b210_0, 0, 20;
    %pushi/vec4 0, 0, 32;
    %store/vec4 v0x60000277ad00_0, 0, 32;
T_7.4 ;
    %load/vec4 v0x60000277ad00_0;
    %cmpi/s 8, 0, 32;
    %jmp/0xz T_7.5, 5;
    %load/vec4 v0x60000277abe0_0;
    %muli 8, 0, 32;
    %load/vec4 v0x60000277ad00_0;
    %add;
    %ix/vec4/s 4;
    %load/vec4a v0x60000277ae20, 4;
    %store/vec4 v0x60000277b2a0_0, 0, 8;
    %load/vec4 v0x60000277ad00_0;
    %muli 8, 0, 32;
    %load/vec4 v0x60000277ac70_0;
    %add;
    %ix/vec4/s 4;
    %load/vec4a v0x60000277af40, 4;
    %store/vec4 v0x60000277b330_0, 0, 8;
    %load/vec4 v0x60000277b210_0;
    %load/vec4 v0x60000277b2a0_0;
    %pad/s 20;
    %load/vec4 v0x60000277b330_0;
    %pad/s 20;
    %mul;
    %add;
    %store/vec4 v0x60000277b210_0, 0, 20;
    %load/vec4 v0x60000277ad00_0;
    %addi 1, 0, 32;
    %store/vec4 v0x60000277ad00_0, 0, 32;
    %jmp T_7.4;
T_7.5 ;
    %load/vec4 v0x60000277b210_0;
    %parti/s 8, 0, 2;
    %load/vec4 v0x60000277abe0_0;
    %pad/s 36;
    %pad/s 39;
    %muli 8, 0, 39;
    %pad/s 40;
    %load/vec4 v0x60000277ac70_0;
    %pad/s 40;
    %add;
    %ix/vec4/s 4;
    %store/vec4a v0x60000277ab50, 4, 0;
    %load/vec4 v0x60000277ac70_0;
    %addi 1, 0, 32;
    %store/vec4 v0x60000277ac70_0, 0, 32;
    %jmp T_7.2;
T_7.3 ;
    %load/vec4 v0x60000277abe0_0;
    %addi 1, 0, 32;
    %store/vec4 v0x60000277abe0_0, 0, 32;
    %jmp T_7.0;
T_7.1 ;
    %vpi_call 2 93 "$display", "Time: %0t ns | Expected model calculated the expected result.", $time {0 0 0};
    %delay 10, 0;
    %pushi/vec4 0, 0, 1;
    %store/vec4 v0x60000277b0f0_0, 0, 1;
    %delay 10, 0;
    %pushi/vec4 1, 0, 1;
    %store/vec4 v0x60000277b180_0, 0, 1;
    %delay 10, 0;
    %pushi/vec4 0, 0, 1;
    %store/vec4 v0x60000277b180_0, 0, 1;
    %vpi_call 2 102 "$display", "Time: %0t ns | Start pulse sent to DUT. Waiting for completion...", $time {0 0 0};
T_7.6 ;
    %load/vec4 v0x60000277a9a0_0;
    %cmpi/ne 1, 0, 1;
    %jmp/0xz T_7.7, 6;
    %wait E_0x600000071ac0;
    %jmp T_7.6;
T_7.7 ;
    %delay 1, 0;
    %vpi_call 2 107 "$display", "Time: %0t ns | DUT finished. 'done' signal received.", $time {0 0 0};
    %pushi/vec4 0, 0, 32;
    %store/vec4 v0x60000277aac0_0, 0, 32;
    %pushi/vec4 0, 0, 32;
    %store/vec4 v0x60000277abe0_0, 0, 32;
T_7.8 ;
    %load/vec4 v0x60000277abe0_0;
    %cmpi/s 8, 0, 32;
    %jmp/0xz T_7.9, 5;
    %pushi/vec4 0, 0, 32;
    %store/vec4 v0x60000277ac70_0, 0, 32;
T_7.10 ;
    %load/vec4 v0x60000277ac70_0;
    %cmpi/s 8, 0, 32;
    %jmp/0xz T_7.11, 5;
    %load/vec4 v0x60000277b060_0;
    %load/vec4 v0x60000277abe0_0;
    %muli 8, 0, 32;
    %load/vec4 v0x60000277ac70_0;
    %add;
    %muli 8, 0, 32;
    %part/s 8;
    %store/vec4 v0x60000277aa30_0, 0, 8;
    %load/vec4 v0x60000277aa30_0;
    %load/vec4 v0x60000277abe0_0;
    %pad/s 36;
    %pad/s 39;
    %muli 8, 0, 39;
    %pad/s 40;
    %load/vec4 v0x60000277ac70_0;
    %pad/s 40;
    %add;
    %ix/vec4/s 4;
    %load/vec4a v0x60000277ab50, 4;
    %cmp/ne;
    %jmp/0xz  T_7.12, 6;
    %vpi_call 2 115 "$display", "ERROR: Mismatch at C[%0d][%0d]!", v0x60000277abe0_0, v0x60000277ac70_0 {0 0 0};
    %load/vec4 v0x60000277abe0_0;
    %pad/s 36;
    %pad/s 39;
    %muli 8, 0, 39;
    %pad/s 40;
    %load/vec4 v0x60000277ac70_0;
    %pad/s 40;
    %add;
    %ix/vec4/s 4;
    %load/vec4a v0x60000277ab50, 4;
    %load/vec4 v0x60000277abe0_0;
    %pad/s 36;
    %pad/s 39;
    %muli 8, 0, 39;
    %pad/s 40;
    %load/vec4 v0x60000277ac70_0;
    %pad/s 40;
    %add;
    %ix/vec4/s 4;
    %load/vec4a v0x60000277ab50, 4;
    %vpi_call 2 116 "$display", "  --> Expected: %h (%d), DUT Result: %h (%d)", S<1,vec4,s8>, S<0,vec4,s8>, v0x60000277aa30_0, v0x60000277aa30_0 {2 0 0};
    %load/vec4 v0x60000277aac0_0;
    %addi 1, 0, 32;
    %store/vec4 v0x60000277aac0_0, 0, 32;
T_7.12 ;
    %load/vec4 v0x60000277ac70_0;
    %addi 1, 0, 32;
    %store/vec4 v0x60000277ac70_0, 0, 32;
    %jmp T_7.10;
T_7.11 ;
    %load/vec4 v0x60000277abe0_0;
    %addi 1, 0, 32;
    %store/vec4 v0x60000277abe0_0, 0, 32;
    %jmp T_7.8;
T_7.9 ;
    %load/vec4 v0x60000277aac0_0;
    %cmpi/e 0, 0, 32;
    %jmp/0xz  T_7.14, 4;
    %vpi_call 2 124 "$display", "\012SUCCESS: All %0d elements match the expected result!", 32'sb00000000000000000000000001000000 {0 0 0};
    %jmp T_7.15;
T_7.14 ;
    %vpi_call 2 126 "$display", "\012FAILURE: Found %0d mismatches.", v0x60000277aac0_0 {0 0 0};
T_7.15 ;
    %vpi_call 2 129 "$display", "-------------------------------------------" {0 0 0};
    %vpi_call 2 130 "$display", "Testbench finished." {0 0 0};
    %vpi_call 2 131 "$display", "-------------------------------------------" {0 0 0};
    %vpi_call 2 132 "$finish" {0 0 0};
    %end;
    .thread T_7;
    .scope S_0x15960e870;
T_8 ;
    %vpi_call 2 139 "$dumpfile", "matrix_multiplier.vcd" {0 0 0};
    %vpi_call 2 140 "$dumpvars", 32'sb00000000000000000000000000000000, S_0x15960e870 {0 0 0};
    %end;
    .thread T_8;
# The file index is used to find the file name in the following table.
:file_names 4;
    "N/A";
    "<interactive>";
    "tb_matrix_multiplier.v";
    "matrix_multiplier.v";
